<?xml version='1.0' encoding='UTF-8'?>
<testsuite hostname="LAPTOP-I26RVKNU" name="bowling.BowlingSpec" tests="1" errors="0" failures="0" skipped="0" time="0.016">
                     <properties>
[...]
</properties>
                     <testcase classname="bowling.BowlingSpec" name="The Role Object should valid All roll with 0 pin down give a score of 0" time="0.016">
                                                 
                                               </testcase>
                     <system-out><![CDATA[]]></system-out>
                     <system-err><![CDATA[]]></system-err>
                   </testsuite>